<<<<<<< Updated upstream
﻿  stdafx.cpp
  BioNet.cpp
  Dijkstra.cpp
  Generating Code...
  LINK : C:\Users\student\source\repos\BioNet\Dijkstra\x64\Debug\Dijkstra.exe not found or not built by the last incremental link; performing full link
  Dijkstra.vcxproj -> C:\Users\student\source\repos\BioNet\Dijkstra\x64\Debug\Dijkstra.exe
=======
﻿  BioNet.cpp
c:\program files (x86)\microsoft visual studio\2017\enterprise\vc\tools\msvc\14.14.26428\include\utility(235): warning C4244: 'initializing': conversion from 'double' to 'float', possible loss of data
  c:\users\student\desktop\bionet\bionet.cpp(86): note: see reference to function template instantiation 'std::pair<int,float>::pair<int,double,0>(std::pair<int,double> &&) noexcept' being compiled
  c:\users\student\desktop\bionet\bionet.cpp(86): note: see reference to function template instantiation 'std::pair<int,float>::pair<int,double,0>(std::pair<int,double> &&) noexcept' being compiled
c:\program files (x86)\microsoft visual studio\2017\enterprise\vc\tools\msvc\14.14.26428\include\utility(148): warning C4244: 'initializing': conversion from 'const float' to 'int', possible loss of data
  c:\program files (x86)\microsoft visual studio\2017\enterprise\vc\tools\msvc\14.14.26428\include\xutility(1080): note: see reference to function template instantiation 'std::pair<int,int>::pair<int,float,0>(const std::pair<int,float> &)' being compiled
  c:\program files (x86)\microsoft visual studio\2017\enterprise\vc\tools\msvc\14.14.26428\include\xutility(1080): note: see reference to function template instantiation 'std::pair<int,int>::pair<int,float,0>(const std::pair<int,float> &)' being compiled
  c:\program files (x86)\microsoft visual studio\2017\enterprise\vc\tools\msvc\14.14.26428\include\algorithm(2884): note: see reference to function template instantiation 'bool std::_Debug_lt_pred<_Pr&,std::pair<int,float>&,_Ty&>(BioNet::shortestPath::<lambda_2381eca4c37bbc72027d897c1144f1d4>&,_Ty1,_Ty2,std::_Dbfile_t,std::_Dbline_t) noexcept(false)' being compiled
          with
          [
              _Pr=BioNet::shortestPath::<lambda_2381eca4c37bbc72027d897c1144f1d4>,
              _Ty=std::pair<int,float>,
              _Ty1=std::pair<int,float> &,
              _Ty2=std::pair<int,float> &
          ]
  c:\program files (x86)\microsoft visual studio\2017\enterprise\vc\tools\msvc\14.14.26428\include\algorithm(2907): note: see reference to function template instantiation 'void std::_Push_heap_by_index<std::pair<int,float>*,std::pair<int,float>,_Fn>(_RanIt,__int64,__int64,_Ty &&,_Pr)' being compiled
          with
          [
              _Fn=BioNet::shortestPath::<lambda_2381eca4c37bbc72027d897c1144f1d4>,
              _RanIt=std::pair<int,float> *,
              _Ty=std::pair<int,float>,
              _Pr=BioNet::shortestPath::<lambda_2381eca4c37bbc72027d897c1144f1d4>
          ]
  c:\program files (x86)\microsoft visual studio\2017\enterprise\vc\tools\msvc\14.14.26428\include\queue(355): note: see reference to function template instantiation 'void std::push_heap<std::_Vector_iterator<std::_Vector_val<std::_Simple_types<_Ty>>>,_Pr>(_RanIt,_RanIt,_Pr)' being compiled
          with
          [
              _Ty=std::pair<int,float>,
              _Pr=BioNet::shortestPath::<lambda_2381eca4c37bbc72027d897c1144f1d4>,
              _RanIt=std::_Vector_iterator<std::_Vector_val<std::_Simple_types<std::pair<int,float>>>>
          ]
  c:\program files (x86)\microsoft visual studio\2017\enterprise\vc\tools\msvc\14.14.26428\include\queue(353): note: while compiling class template member function 'void std::priority_queue<std::pair<int,float>,std::vector<std::pair<int,float>,std::allocator<_Ty>>,BioNet::shortestPath::<lambda_2381eca4c37bbc72027d897c1144f1d4>>::push(std::pair<int,float> &&)'
          with
          [
              _Ty=std::pair<int,float>
          ]
  c:\users\student\desktop\bionet\bionet.cpp(86): note: see reference to function template instantiation 'void std::priority_queue<std::pair<int,float>,std::vector<std::pair<int,float>,std::allocator<_Ty>>,BioNet::shortestPath::<lambda_2381eca4c37bbc72027d897c1144f1d4>>::push(std::pair<int,float> &&)' being compiled
          with
          [
              _Ty=std::pair<int,float>
          ]
  c:\users\student\desktop\bionet\bionet.cpp(85): note: see reference to class template instantiation 'std::priority_queue<std::pair<int,float>,std::vector<std::pair<int,float>,std::allocator<_Ty>>,BioNet::shortestPath::<lambda_2381eca4c37bbc72027d897c1144f1d4>>' being compiled
          with
          [
              _Ty=std::pair<int,float>
          ]
  Dijkstra.vcxproj -> C:\Users\student\Desktop\BioNet\Dijkstra\x64\Debug\Dijkstra.exe
>>>>>>> Stashed changes
